  Source.cpp
C:\Users\rajha\source\repos\CS440MIniProject\CS440MIniProject\Source.cpp(156,23): warning C4244: 'argument': conversion from 'double' to 'GLfloat', possible loss of data
C:\Users\rajha\source\repos\CS440MIniProject\CS440MIniProject\Source.cpp(156,19): warning C4244: 'argument': conversion from 'double' to 'GLfloat', possible loss of data
C:\Users\rajha\source\repos\CS440MIniProject\CS440MIniProject\Source.cpp(156,15): warning C4244: 'argument': conversion from 'double' to 'GLfloat', possible loss of data
C:\Users\rajha\source\repos\CS440MIniProject\CS440MIniProject\Source.cpp(171,46): warning C4305: 'argument': truncation from 'double' to 'GLfloat'
C:\Users\rajha\source\repos\CS440MIniProject\CS440MIniProject\Source.cpp(172,23): warning C4244: 'argument': conversion from 'double' to 'GLfloat', possible loss of data
C:\Users\rajha\source\repos\CS440MIniProject\CS440MIniProject\Source.cpp(172,19): warning C4244: 'argument': conversion from 'double' to 'GLfloat', possible loss of data
C:\Users\rajha\source\repos\CS440MIniProject\CS440MIniProject\Source.cpp(172,15): warning C4244: 'argument': conversion from 'double' to 'GLfloat', possible loss of data
C:\Users\rajha\source\repos\CS440MIniProject\CS440MIniProject\Source.cpp(185,47): warning C4305: 'argument': truncation from 'double' to 'GLfloat'
C:\Users\rajha\source\repos\CS440MIniProject\CS440MIniProject\Source.cpp(186,23): warning C4244: 'argument': conversion from 'double' to 'GLfloat', possible loss of data
C:\Users\rajha\source\repos\CS440MIniProject\CS440MIniProject\Source.cpp(186,19): warning C4244: 'argument': conversion from 'double' to 'GLfloat', possible loss of data
C:\Users\rajha\source\repos\CS440MIniProject\CS440MIniProject\Source.cpp(186,15): warning C4244: 'argument': conversion from 'double' to 'GLfloat', possible loss of data
C:\Users\rajha\source\repos\CS440MIniProject\CS440MIniProject\Source.cpp(199,46): warning C4305: 'argument': truncation from 'double' to 'GLfloat'
C:\Users\rajha\source\repos\CS440MIniProject\CS440MIniProject\Source.cpp(200,23): warning C4244: 'argument': conversion from 'double' to 'GLfloat', possible loss of data
C:\Users\rajha\source\repos\CS440MIniProject\CS440MIniProject\Source.cpp(200,19): warning C4244: 'argument': conversion from 'double' to 'GLfloat', possible loss of data
C:\Users\rajha\source\repos\CS440MIniProject\CS440MIniProject\Source.cpp(200,15): warning C4244: 'argument': conversion from 'double' to 'GLfloat', possible loss of data
C:\Users\rajha\source\repos\CS440MIniProject\CS440MIniProject\Source.cpp(214,47): warning C4305: 'argument': truncation from 'double' to 'GLfloat'
C:\Users\rajha\source\repos\CS440MIniProject\CS440MIniProject\Source.cpp(215,23): warning C4244: 'argument': conversion from 'double' to 'GLfloat', possible loss of data
C:\Users\rajha\source\repos\CS440MIniProject\CS440MIniProject\Source.cpp(215,19): warning C4244: 'argument': conversion from 'double' to 'GLfloat', possible loss of data
C:\Users\rajha\source\repos\CS440MIniProject\CS440MIniProject\Source.cpp(215,15): warning C4244: 'argument': conversion from 'double' to 'GLfloat', possible loss of data
C:\Users\rajha\source\repos\CS440MIniProject\CS440MIniProject\Source.cpp(229,23): warning C4244: 'argument': conversion from 'double' to 'GLfloat', possible loss of data
C:\Users\rajha\source\repos\CS440MIniProject\CS440MIniProject\Source.cpp(229,19): warning C4244: 'argument': conversion from 'double' to 'GLfloat', possible loss of data
C:\Users\rajha\source\repos\CS440MIniProject\CS440MIniProject\Source.cpp(229,15): warning C4244: 'argument': conversion from 'double' to 'GLfloat', possible loss of data
C:\Users\rajha\source\repos\CS440MIniProject\CS440MIniProject\Source.cpp(240,23): warning C4244: 'argument': conversion from 'double' to 'GLfloat', possible loss of data
C:\Users\rajha\source\repos\CS440MIniProject\CS440MIniProject\Source.cpp(240,19): warning C4244: 'argument': conversion from 'double' to 'GLfloat', possible loss of data
C:\Users\rajha\source\repos\CS440MIniProject\CS440MIniProject\Source.cpp(240,15): warning C4244: 'argument': conversion from 'double' to 'GLfloat', possible loss of data
C:\Users\rajha\source\repos\CS440MIniProject\CS440MIniProject\Source.cpp(242,28): warning C4244: 'argument': conversion from 'double' to 'GLint', possible loss of data
C:\Users\rajha\source\repos\CS440MIniProject\CS440MIniProject\Source.cpp(242,22): warning C4244: 'argument': conversion from 'double' to 'GLint', possible loss of data
C:\Users\rajha\source\repos\CS440MIniProject\CS440MIniProject\Source.cpp(254,46): warning C4305: 'argument': truncation from 'double' to 'GLfloat'
C:\Users\rajha\source\repos\CS440MIniProject\CS440MIniProject\Source.cpp(255,23): warning C4244: 'argument': conversion from 'double' to 'GLfloat', possible loss of data
C:\Users\rajha\source\repos\CS440MIniProject\CS440MIniProject\Source.cpp(255,19): warning C4244: 'argument': conversion from 'double' to 'GLfloat', possible loss of data
C:\Users\rajha\source\repos\CS440MIniProject\CS440MIniProject\Source.cpp(255,15): warning C4244: 'argument': conversion from 'double' to 'GLfloat', possible loss of data
C:\Users\rajha\source\repos\CS440MIniProject\CS440MIniProject\Source.cpp(268,47): warning C4305: 'argument': truncation from 'double' to 'GLfloat'
C:\Users\rajha\source\repos\CS440MIniProject\CS440MIniProject\Source.cpp(269,23): warning C4244: 'argument': conversion from 'double' to 'GLfloat', possible loss of data
C:\Users\rajha\source\repos\CS440MIniProject\CS440MIniProject\Source.cpp(269,19): warning C4244: 'argument': conversion from 'double' to 'GLfloat', possible loss of data
C:\Users\rajha\source\repos\CS440MIniProject\CS440MIniProject\Source.cpp(269,15): warning C4244: 'argument': conversion from 'double' to 'GLfloat', possible loss of data
C:\Users\rajha\source\repos\CS440MIniProject\CS440MIniProject\Source.cpp(282,46): warning C4305: 'argument': truncation from 'double' to 'GLfloat'
C:\Users\rajha\source\repos\CS440MIniProject\CS440MIniProject\Source.cpp(283,23): warning C4244: 'argument': conversion from 'double' to 'GLfloat', possible loss of data
C:\Users\rajha\source\repos\CS440MIniProject\CS440MIniProject\Source.cpp(283,19): warning C4244: 'argument': conversion from 'double' to 'GLfloat', possible loss of data
C:\Users\rajha\source\repos\CS440MIniProject\CS440MIniProject\Source.cpp(283,15): warning C4244: 'argument': conversion from 'double' to 'GLfloat', possible loss of data
C:\Users\rajha\source\repos\CS440MIniProject\CS440MIniProject\Source.cpp(297,47): warning C4305: 'argument': truncation from 'double' to 'GLfloat'
C:\Users\rajha\source\repos\CS440MIniProject\CS440MIniProject\Source.cpp(298,23): warning C4244: 'argument': conversion from 'double' to 'GLfloat', possible loss of data
C:\Users\rajha\source\repos\CS440MIniProject\CS440MIniProject\Source.cpp(298,19): warning C4244: 'argument': conversion from 'double' to 'GLfloat', possible loss of data
C:\Users\rajha\source\repos\CS440MIniProject\CS440MIniProject\Source.cpp(298,15): warning C4244: 'argument': conversion from 'double' to 'GLfloat', possible loss of data
C:\Users\rajha\source\repos\CS440MIniProject\CS440MIniProject\Source.cpp(312,23): warning C4244: 'argument': conversion from 'double' to 'GLfloat', possible loss of data
C:\Users\rajha\source\repos\CS440MIniProject\CS440MIniProject\Source.cpp(312,19): warning C4244: 'argument': conversion from 'double' to 'GLfloat', possible loss of data
C:\Users\rajha\source\repos\CS440MIniProject\CS440MIniProject\Source.cpp(312,15): warning C4244: 'argument': conversion from 'double' to 'GLfloat', possible loss of data
C:\Users\rajha\source\repos\CS440MIniProject\CS440MIniProject\Source.cpp(323,23): warning C4244: 'argument': conversion from 'double' to 'GLfloat', possible loss of data
C:\Users\rajha\source\repos\CS440MIniProject\CS440MIniProject\Source.cpp(323,19): warning C4244: 'argument': conversion from 'double' to 'GLfloat', possible loss of data
C:\Users\rajha\source\repos\CS440MIniProject\CS440MIniProject\Source.cpp(323,15): warning C4244: 'argument': conversion from 'double' to 'GLfloat', possible loss of data
C:\Users\rajha\source\repos\CS440MIniProject\CS440MIniProject\Source.cpp(325,28): warning C4244: 'argument': conversion from 'double' to 'GLint', possible loss of data
C:\Users\rajha\source\repos\CS440MIniProject\CS440MIniProject\Source.cpp(325,22): warning C4244: 'argument': conversion from 'double' to 'GLint', possible loss of data
  CS440MIniProject.vcxproj -> C:\Users\rajha\source\repos\CS440MIniProject\Debug\CS440MIniProject.exe
